[2015-07-09 19:49:04] local.ERROR: exception 'Symfony\Component\Debug\Exception\FatalErrorException' with message 'Class 'HTML' not found' in C:\Users\Alink\Dropbox\Mis_Aplicaciones\php\proyectos_xampp\laravel\animeonline\storage\framework\views\7fca1d735a5a537b106866943bf16fff:42
Stack trace:
#0 {main}  
[2015-08-03 02:04:48] local.ERROR: exception 'ErrorException' with message 'htmlentities() expects parameter 1 to be string, array given' in /Users/nicolas/Dropbox/Mis_Aplicaciones/php/proyectos_xampp/laravel/animeonline/vendor/laravel/framework/src/Illuminate/Support/helpers.php:452
Stack trace:
#0 [internal function]: Illuminate\Foundation\Bootstrap\HandleExceptions->handleError(2, 'htmlentities() ...', '/Users/nicolas/...', 452, Array)
#1 /Users/nicolas/Dropbox/Mis_Aplicaciones/php/proyectos_xampp/laravel/animeonline/vendor/laravel/framework/src/Illuminate/Support/helpers.php(452): htmlentities(Array, 3, 'UTF-8', false)
#2 /Users/nicolas/Dropbox/Mis_Aplicaciones/php/proyectos_xampp/laravel/animeonline/vendor/illuminate/html/HtmlBuilder.php(343): e(Array)
#3 /Users/nicolas/Dropbox/Mis_Aplicaciones/php/proyectos_xampp/laravel/animeonline/vendor/illuminate/html/HtmlBuilder.php(324): Illuminate\Html\HtmlBuilder->attributeElement('value', Array)
#4 /Users/nicolas/Dropbox/Mis_Aplicaciones/php/proyectos_xampp/laravel/animeonline/vendor/illuminate/html/FormBuilder.php(247): Illuminate\Html\HtmlBuilder->attributes(Array)
#5 /Users/nicolas/Dropbox/Mis_Aplicaciones/php/proyectos_xampp/laravel/animeonline/vendor/illuminate/html/FormBuilder.php(260): Illuminate\Html\FormBuilder->input('text', 'busqueda', Array, Array)
#6 /Users/nicolas/Dropbox/Mis_Aplicaciones/php/proyectos_xampp/laravel/animeonline/vendor/laravel/framework/src/Illuminate/Support/Facades/Facade.php(213): Illuminate\Html\FormBuilder->text('busqueda', Array)
#7 /Users/nicolas/Dropbox/Mis_Aplicaciones/php/proyectos_xampp/laravel/animeonline/storage/framework/views/cb135e50070ffb1177d099d8148bc75f(82): Illuminate\Support\Facades\Facade::__callStatic('text', Array)
#8 /Users/nicolas/Dropbox/Mis_Aplicaciones/php/proyectos_xampp/laravel/animeonline/storage/framework/views/cb135e50070ffb1177d099d8148bc75f(82): Illuminate\Html\FormFacade::text('busqueda', Array)
#9 /Users/nicolas/Dropbox/Mis_Aplicaciones/php/proyectos_xampp/laravel/animeonline/vendor/laravel/framework/src/Illuminate/View/Engines/PhpEngine.php(40): include('/Users/nicolas/...')
#10 /Users/nicolas/Dropbox/Mis_Aplicaciones/php/proyectos_xampp/laravel/animeonline/vendor/laravel/framework/src/Illuminate/View/Engines/CompilerEngine.php(58): Illuminate\View\Engines\PhpEngine->evaluatePath('/Users/nicolas/...', Array)
#11 /Users/nicolas/Dropbox/Mis_Aplicaciones/php/proyectos_xampp/laravel/animeonline/vendor/laravel/framework/src/Illuminate/View/View.php(138): Illuminate\View\Engines\CompilerEngine->get('/Users/nicolas/...', Array)
#12 /Users/nicolas/Dropbox/Mis_Aplicaciones/php/proyectos_xampp/laravel/animeonline/vendor/laravel/framework/src/Illuminate/View/View.php(107): Illuminate\View\View->getContents()
#13 /Users/nicolas/Dropbox/Mis_Aplicaciones/php/proyectos_xampp/laravel/animeonline/vendor/laravel/framework/src/Illuminate/View/View.php(81): Illuminate\View\View->renderContents()
#14 /Users/nicolas/Dropbox/Mis_Aplicaciones/php/proyectos_xampp/laravel/animeonline/storage/framework/views/e26fcd5475bcc9180843c70ad5cb392f(10): Illuminate\View\View->render()
#15 /Users/nicolas/Dropbox/Mis_Aplicaciones/php/proyectos_xampp/laravel/animeonline/vendor/laravel/framework/src/Illuminate/View/Engines/PhpEngine.php(40): include('/Users/nicolas/...')
#16 /Users/nicolas/Dropbox/Mis_Aplicaciones/php/proyectos_xampp/laravel/animeonline/vendor/laravel/framework/src/Illuminate/View/Engines/CompilerEngine.php(58): Illuminate\View\Engines\PhpEngine->evaluatePath('/Users/nicolas/...', Array)
#17 /Users/nicolas/Dropbox/Mis_Aplicaciones/php/proyectos_xampp/laravel/animeonline/vendor/laravel/framework/src/Illuminate/View/View.php(138): Illuminate\View\Engines\CompilerEngine->get('/Users/nicolas/...', Array)
#18 /Users/nicolas/Dropbox/Mis_Aplicaciones/php/proyectos_xampp/laravel/animeonline/vendor/laravel/framework/src/Illuminate/View/View.php(107): Illuminate\View\View->getContents()
#19 /Users/nicolas/Dropbox/Mis_Aplicaciones/php/proyectos_xampp/laravel/animeonline/vendor/laravel/framework/src/Illuminate/View/View.php(81): Illuminate\View\View->renderContents()
#20 /Users/nicolas/Dropbox/Mis_Aplicaciones/php/proyectos_xampp/laravel/animeonline/vendor/laravel/framework/src/Illuminate/Http/Response.php(51): Illuminate\View\View->render()
#21 /Users/nicolas/Dropbox/Mis_Aplicaciones/php/proyectos_xampp/laravel/animeonline/vendor/symfony/http-foundation/Response.php(202): Illuminate\Http\Response->setContent(Object(Illuminate\View\View))
#22 /Users/nicolas/Dropbox/Mis_Aplicaciones/php/proyectos_xampp/laravel/animeonline/vendor/laravel/framework/src/Illuminate/Routing/Router.php(1225): Symfony\Component\HttpFoundation\Response->__construct(Object(Illuminate\View\View))
#23 /Users/nicolas/Dropbox/Mis_Aplicaciones/php/proyectos_xampp/laravel/animeonline/vendor/laravel/framework/src/Illuminate/Routing/Router.php(705): Illuminate\Routing\Router->prepareResponse(Object(Illuminate\Http\Request), Object(Illuminate\View\View))
#24 [internal function]: Illuminate\Routing\Router->Illuminate\Routing\{closure}(Object(Illuminate\Http\Request))
#25 /Users/nicolas/Dropbox/Mis_Aplicaciones/php/proyectos_xampp/laravel/animeonline/vendor/laravel/framework/src/Illuminate/Pipeline/Pipeline.php(139): call_user_func(Object(Closure), Object(Illuminate\Http\Request))
#26 [internal function]: Illuminate\Pipeline\Pipeline->Illuminate\Pipeline\{closure}(Object(Illuminate\Http\Request))
#27 /Users/nicolas/Dropbox/Mis_Aplicaciones/php/proyectos_xampp/laravel/animeonline/vendor/laravel/framework/src/Illuminate/Pipeline/Pipeline.php(103): call_user_func(Object(Closure), Object(Illuminate\Http\Request))
#28 /Users/nicolas/Dropbox/Mis_Aplicaciones/php/proyectos_xampp/laravel/animeonline/vendor/laravel/framework/src/Illuminate/Routing/Router.php(706): Illuminate\Pipeline\Pipeline->then(Object(Closure))
#29 /Users/nicolas/Dropbox/Mis_Aplicaciones/php/proyectos_xampp/laravel/animeonline/vendor/laravel/framework/src/Illuminate/Routing/Router.php(671): Illuminate\Routing\Router->runRouteWithinStack(Object(Illuminate\Routing\Route), Object(Illuminate\Http\Request))
#30 /Users/nicolas/Dropbox/Mis_Aplicaciones/php/proyectos_xampp/laravel/animeonline/vendor/laravel/framework/src/Illuminate/Routing/Router.php(631): Illuminate\Routing\Router->dispatchToRoute(Object(Illuminate\Http\Request))
#31 /Users/nicolas/Dropbox/Mis_Aplicaciones/php/proyectos_xampp/laravel/animeonline/vendor/laravel/framework/src/Illuminate/Foundation/Http/Kernel.php(229): Illuminate\Routing\Router->dispatch(Object(Illuminate\Http\Request))
#32 [internal function]: Illuminate\Foundation\Http\Kernel->Illuminate\Foundation\Http\{closure}(Object(Illuminate\Http\Request))
#33 /Users/nicolas/Dropbox/Mis_Aplicaciones/php/proyectos_xampp/laravel/animeonline/vendor/laravel/framework/src/Illuminate/Pipeline/Pipeline.php(139): call_user_func(Object(Closure), Object(Illuminate\Http\Request))
#34 /Users/nicolas/Dropbox/Mis_Aplicaciones/php/proyectos_xampp/laravel/animeonline/vendor/laravel/framework/src/Illuminate/Foundation/Http/Middleware/VerifyCsrfToken.php(50): Illuminate\Pipeline\Pipeline->Illuminate\Pipeline\{closure}(Object(Illuminate\Http\Request))
#35 [internal function]: Illuminate\Foundation\Http\Middleware\VerifyCsrfToken->handle(Object(Illuminate\Http\Request), Object(Closure))
#36 /Users/nicolas/Dropbox/Mis_Aplicaciones/php/proyectos_xampp/laravel/animeonline/vendor/laravel/framework/src/Illuminate/Pipeline/Pipeline.php(124): call_user_func_array(Array, Array)
#37 /Users/nicolas/Dropbox/Mis_Aplicaciones/php/proyectos_xampp/laravel/animeonline/vendor/laravel/framework/src/Illuminate/View/Middleware/ShareErrorsFromSession.php(54): Illuminate\Pipeline\Pipeline->Illuminate\Pipeline\{closure}(Object(Illuminate\Http\Request))
#38 [internal function]: Illuminate\View\Middleware\ShareErrorsFromSession->handle(Object(Illuminate\Http\Request), Object(Closure))
#39 /Users/nicolas/Dropbox/Mis_Aplicaciones/php/proyectos_xampp/laravel/animeonline/vendor/laravel/framework/src/Illuminate/Pipeline/Pipeline.php(124): call_user_func_array(Array, Array)
#40 /Users/nicolas/Dropbox/Mis_Aplicaciones/php/proyectos_xampp/laravel/animeonline/vendor/laravel/framework/src/Illuminate/Session/Middleware/StartSession.php(62): Illuminate\Pipeline\Pipeline->Illuminate\Pipeline\{closure}(Object(Illuminate\Http\Request))
#41 [internal function]: Illuminate\Session\Middleware\StartSession->handle(Object(Illuminate\Http\Request), Object(Closure))
#42 /Users/nicolas/Dropbox/Mis_Aplicaciones/php/proyectos_xampp/laravel/animeonline/vendor/laravel/framework/src/Illuminate/Pipeline/Pipeline.php(124): call_user_func_array(Array, Array)
#43 /Users/nicolas/Dropbox/Mis_Aplicaciones/php/proyectos_xampp/laravel/animeonline/vendor/laravel/framework/src/Illuminate/Cookie/Middleware/AddQueuedCookiesToResponse.php(37): Illuminate\Pipeline\Pipeline->Illuminate\Pipeline\{closure}(Object(Illuminate\Http\Request))
#44 [internal function]: Illuminate\Cookie\Middleware\AddQueuedCookiesToResponse->handle(Object(Illuminate\Http\Request), Object(Closure))
#45 /Users/nicolas/Dropbox/Mis_Aplicaciones/php/proyectos_xampp/laravel/animeonline/vendor/laravel/framework/src/Illuminate/Pipeline/Pipeline.php(124): call_user_func_array(Array, Array)
#46 /Users/nicolas/Dropbox/Mis_Aplicaciones/php/proyectos_xampp/laravel/animeonline/vendor/laravel/framework/src/Illuminate/Cookie/Middleware/EncryptCookies.php(59): Illuminate\Pipeline\Pipeline->Illuminate\Pipeline\{closure}(Object(Illuminate\Http\Request))
#47 [internal function]: Illuminate\Cookie\Middleware\EncryptCookies->handle(Object(Illuminate\Http\Request), Object(Closure))
#48 /Users/nicolas/Dropbox/Mis_Aplicaciones/php/proyectos_xampp/laravel/animeonline/vendor/laravel/framework/src/Illuminate/Pipeline/Pipeline.php(124): call_user_func_array(Array, Array)
#49 /Users/nicolas/Dropbox/Mis_Aplicaciones/php/proyectos_xampp/laravel/animeonline/vendor/laravel/framework/src/Illuminate/Foundation/Http/Middleware/CheckForMaintenanceMode.php(42): Illuminate\Pipeline\Pipeline->Illuminate\Pipeline\{closure}(Object(Illuminate\Http\Request))
#50 [internal function]: Illuminate\Foundation\Http\Middleware\CheckForMaintenanceMode->handle(Object(Illuminate\Http\Request), Object(Closure))
#51 /Users/nicolas/Dropbox/Mis_Aplicaciones/php/proyectos_xampp/laravel/animeonline/vendor/laravel/framework/src/Illuminate/Pipeline/Pipeline.php(124): call_user_func_array(Array, Array)
#52 [internal function]: Illuminate\Pipeline\Pipeline->Illuminate\Pipeline\{closure}(Object(Illuminate\Http\Request))
#53 /Users/nicolas/Dropbox/Mis_Aplicaciones/php/proyectos_xampp/laravel/animeonline/vendor/laravel/framework/src/Illuminate/Pipeline/Pipeline.php(103): call_user_func(Object(Closure), Object(Illuminate\Http\Request))
#54 /Users/nicolas/Dropbox/Mis_Aplicaciones/php/proyectos_xampp/laravel/animeonline/vendor/laravel/framework/src/Illuminate/Foundation/Http/Kernel.php(118): Illuminate\Pipeline\Pipeline->then(Object(Closure))
#55 /Users/nicolas/Dropbox/Mis_Aplicaciones/php/proyectos_xampp/laravel/animeonline/vendor/laravel/framework/src/Illuminate/Foundation/Http/Kernel.php(86): Illuminate\Foundation\Http\Kernel->sendRequestThroughRouter(Object(Illuminate\Http\Request))
#56 /Users/nicolas/Dropbox/Mis_Aplicaciones/php/proyectos_xampp/laravel/animeonline/public/index.php(54): Illuminate\Foundation\Http\Kernel->handle(Object(Illuminate\Http\Request))
#57 /Users/nicolas/Dropbox/Mis_Aplicaciones/php/proyectos_xampp/laravel/animeonline/server.php(21): require_once('/Users/nicolas/...')
#58 {main}

Next exception 'ErrorException' with message 'htmlentities() expects parameter 1 to be string, array given (View: /Users/nicolas/Dropbox/Mis_Aplicaciones/php/proyectos_xampp/laravel/animeonline/resources/views/base/master.blade.php)' in /Users/nicolas/Dropbox/Mis_Aplicaciones/php/proyectos_xampp/laravel/animeonline/vendor/laravel/framework/src/Illuminate/Support/helpers.php:452
Stack trace:
#0 /Users/nicolas/Dropbox/Mis_Aplicaciones/php/proyectos_xampp/laravel/animeonline/vendor/laravel/framework/src/Illuminate/View/Engines/PhpEngine.php(42): Illuminate\View\Engines\CompilerEngine->handleViewException(Object(ErrorException), 1)
#1 /Users/nicolas/Dropbox/Mis_Aplicaciones/php/proyectos_xampp/laravel/animeonline/vendor/laravel/framework/src/Illuminate/View/Engines/CompilerEngine.php(58): Illuminate\View\Engines\PhpEngine->evaluatePath('/Users/nicolas/...', Array)
#2 /Users/nicolas/Dropbox/Mis_Aplicaciones/php/proyectos_xampp/laravel/animeonline/vendor/laravel/framework/src/Illuminate/View/View.php(138): Illuminate\View\Engines\CompilerEngine->get('/Users/nicolas/...', Array)
#3 /Users/nicolas/Dropbox/Mis_Aplicaciones/php/proyectos_xampp/laravel/animeonline/vendor/laravel/framework/src/Illuminate/View/View.php(107): Illuminate\View\View->getContents()
#4 /Users/nicolas/Dropbox/Mis_Aplicaciones/php/proyectos_xampp/laravel/animeonline/vendor/laravel/framework/src/Illuminate/View/View.php(81): Illuminate\View\View->renderContents()
#5 /Users/nicolas/Dropbox/Mis_Aplicaciones/php/proyectos_xampp/laravel/animeonline/storage/framework/views/e26fcd5475bcc9180843c70ad5cb392f(10): Illuminate\View\View->render()
#6 /Users/nicolas/Dropbox/Mis_Aplicaciones/php/proyectos_xampp/laravel/animeonline/vendor/laravel/framework/src/Illuminate/View/Engines/PhpEngine.php(40): include('/Users/nicolas/...')
#7 /Users/nicolas/Dropbox/Mis_Aplicaciones/php/proyectos_xampp/laravel/animeonline/vendor/laravel/framework/src/Illuminate/View/Engines/CompilerEngine.php(58): Illuminate\View\Engines\PhpEngine->evaluatePath('/Users/nicolas/...', Array)
#8 /Users/nicolas/Dropbox/Mis_Aplicaciones/php/proyectos_xampp/laravel/animeonline/vendor/laravel/framework/src/Illuminate/View/View.php(138): Illuminate\View\Engines\CompilerEngine->get('/Users/nicolas/...', Array)
#9 /Users/nicolas/Dropbox/Mis_Aplicaciones/php/proyectos_xampp/laravel/animeonline/vendor/laravel/framework/src/Illuminate/View/View.php(107): Illuminate\View\View->getContents()
#10 /Users/nicolas/Dropbox/Mis_Aplicaciones/php/proyectos_xampp/laravel/animeonline/vendor/laravel/framework/src/Illuminate/View/View.php(81): Illuminate\View\View->renderContents()
#11 /Users/nicolas/Dropbox/Mis_Aplicaciones/php/proyectos_xampp/laravel/animeonline/vendor/laravel/framework/src/Illuminate/Http/Response.php(51): Illuminate\View\View->render()
#12 /Users/nicolas/Dropbox/Mis_Aplicaciones/php/proyectos_xampp/laravel/animeonline/vendor/symfony/http-foundation/Response.php(202): Illuminate\Http\Response->setContent(Object(Illuminate\View\View))
#13 /Users/nicolas/Dropbox/Mis_Aplicaciones/php/proyectos_xampp/laravel/animeonline/vendor/laravel/framework/src/Illuminate/Routing/Router.php(1225): Symfony\Component\HttpFoundation\Response->__construct(Object(Illuminate\View\View))
#14 /Users/nicolas/Dropbox/Mis_Aplicaciones/php/proyectos_xampp/laravel/animeonline/vendor/laravel/framework/src/Illuminate/Routing/Router.php(705): Illuminate\Routing\Router->prepareResponse(Object(Illuminate\Http\Request), Object(Illuminate\View\View))
#15 [internal function]: Illuminate\Routing\Router->Illuminate\Routing\{closure}(Object(Illuminate\Http\Request))
#16 /Users/nicolas/Dropbox/Mis_Aplicaciones/php/proyectos_xampp/laravel/animeonline/vendor/laravel/framework/src/Illuminate/Pipeline/Pipeline.php(139): call_user_func(Object(Closure), Object(Illuminate\Http\Request))
#17 [internal function]: Illuminate\Pipeline\Pipeline->Illuminate\Pipeline\{closure}(Object(Illuminate\Http\Request))
#18 /Users/nicolas/Dropbox/Mis_Aplicaciones/php/proyectos_xampp/laravel/animeonline/vendor/laravel/framework/src/Illuminate/Pipeline/Pipeline.php(103): call_user_func(Object(Closure), Object(Illuminate\Http\Request))
#19 /Users/nicolas/Dropbox/Mis_Aplicaciones/php/proyectos_xampp/laravel/animeonline/vendor/laravel/framework/src/Illuminate/Routing/Router.php(706): Illuminate\Pipeline\Pipeline->then(Object(Closure))
#20 /Users/nicolas/Dropbox/Mis_Aplicaciones/php/proyectos_xampp/laravel/animeonline/vendor/laravel/framework/src/Illuminate/Routing/Router.php(671): Illuminate\Routing\Router->runRouteWithinStack(Object(Illuminate\Routing\Route), Object(Illuminate\Http\Request))
#21 /Users/nicolas/Dropbox/Mis_Aplicaciones/php/proyectos_xampp/laravel/animeonline/vendor/laravel/framework/src/Illuminate/Routing/Router.php(631): Illuminate\Routing\Router->dispatchToRoute(Object(Illuminate\Http\Request))
#22 /Users/nicolas/Dropbox/Mis_Aplicaciones/php/proyectos_xampp/laravel/animeonline/vendor/laravel/framework/src/Illuminate/Foundation/Http/Kernel.php(229): Illuminate\Routing\Router->dispatch(Object(Illuminate\Http\Request))
#23 [internal function]: Illuminate\Foundation\Http\Kernel->Illuminate\Foundation\Http\{closure}(Object(Illuminate\Http\Request))
#24 /Users/nicolas/Dropbox/Mis_Aplicaciones/php/proyectos_xampp/laravel/animeonline/vendor/laravel/framework/src/Illuminate/Pipeline/Pipeline.php(139): call_user_func(Object(Closure), Object(Illuminate\Http\Request))
#25 /Users/nicolas/Dropbox/Mis_Aplicaciones/php/proyectos_xampp/laravel/animeonline/vendor/laravel/framework/src/Illuminate/Foundation/Http/Middleware/VerifyCsrfToken.php(50): Illuminate\Pipeline\Pipeline->Illuminate\Pipeline\{closure}(Object(Illuminate\Http\Request))
#26 [internal function]: Illuminate\Foundation\Http\Middleware\VerifyCsrfToken->handle(Object(Illuminate\Http\Request), Object(Closure))
#27 /Users/nicolas/Dropbox/Mis_Aplicaciones/php/proyectos_xampp/laravel/animeonline/vendor/laravel/framework/src/Illuminate/Pipeline/Pipeline.php(124): call_user_func_array(Array, Array)
#28 /Users/nicolas/Dropbox/Mis_Aplicaciones/php/proyectos_xampp/laravel/animeonline/vendor/laravel/framework/src/Illuminate/View/Middleware/ShareErrorsFromSession.php(54): Illuminate\Pipeline\Pipeline->Illuminate\Pipeline\{closure}(Object(Illuminate\Http\Request))
#29 [internal function]: Illuminate\View\Middleware\ShareErrorsFromSession->handle(Object(Illuminate\Http\Request), Object(Closure))
#30 /Users/nicolas/Dropbox/Mis_Aplicaciones/php/proyectos_xampp/laravel/animeonline/vendor/laravel/framework/src/Illuminate/Pipeline/Pipeline.php(124): call_user_func_array(Array, Array)
#31 /Users/nicolas/Dropbox/Mis_Aplicaciones/php/proyectos_xampp/laravel/animeonline/vendor/laravel/framework/src/Illuminate/Session/Middleware/StartSession.php(62): Illuminate\Pipeline\Pipeline->Illuminate\Pipeline\{closure}(Object(Illuminate\Http\Request))
#32 [internal function]: Illuminate\Session\Middleware\StartSession->handle(Object(Illuminate\Http\Request), Object(Closure))
#33 /Users/nicolas/Dropbox/Mis_Aplicaciones/php/proyectos_xampp/laravel/animeonline/vendor/laravel/framework/src/Illuminate/Pipeline/Pipeline.php(124): call_user_func_array(Array, Array)
#34 /Users/nicolas/Dropbox/Mis_Aplicaciones/php/proyectos_xampp/laravel/animeonline/vendor/laravel/framework/src/Illuminate/Cookie/Middleware/AddQueuedCookiesToResponse.php(37): Illuminate\Pipeline\Pipeline->Illuminate\Pipeline\{closure}(Object(Illuminate\Http\Request))
#35 [internal function]: Illuminate\Cookie\Middleware\AddQueuedCookiesToResponse->handle(Object(Illuminate\Http\Request), Object(Closure))
#36 /Users/nicolas/Dropbox/Mis_Aplicaciones/php/proyectos_xampp/laravel/animeonline/vendor/laravel/framework/src/Illuminate/Pipeline/Pipeline.php(124): call_user_func_array(Array, Array)
#37 /Users/nicolas/Dropbox/Mis_Aplicaciones/php/proyectos_xampp/laravel/animeonline/vendor/laravel/framework/src/Illuminate/Cookie/Middleware/EncryptCookies.php(59): Illuminate\Pipeline\Pipeline->Illuminate\Pipeline\{closure}(Object(Illuminate\Http\Request))
#38 [internal function]: Illuminate\Cookie\Middleware\EncryptCookies->handle(Object(Illuminate\Http\Request), Object(Closure))
#39 /Users/nicolas/Dropbox/Mis_Aplicaciones/php/proyectos_xampp/laravel/animeonline/vendor/laravel/framework/src/Illuminate/Pipeline/Pipeline.php(124): call_user_func_array(Array, Array)
#40 /Users/nicolas/Dropbox/Mis_Aplicaciones/php/proyectos_xampp/laravel/animeonline/vendor/laravel/framework/src/Illuminate/Foundation/Http/Middleware/CheckForMaintenanceMode.php(42): Illuminate\Pipeline\Pipeline->Illuminate\Pipeline\{closure}(Object(Illuminate\Http\Request))
#41 [internal function]: Illuminate\Foundation\Http\Middleware\CheckForMaintenanceMode->handle(Object(Illuminate\Http\Request), Object(Closure))
#42 /Users/nicolas/Dropbox/Mis_Aplicaciones/php/proyectos_xampp/laravel/animeonline/vendor/laravel/framework/src/Illuminate/Pipeline/Pipeline.php(124): call_user_func_array(Array, Array)
#43 [internal function]: Illuminate\Pipeline\Pipeline->Illuminate\Pipeline\{closure}(Object(Illuminate\Http\Request))
#44 /Users/nicolas/Dropbox/Mis_Aplicaciones/php/proyectos_xampp/laravel/animeonline/vendor/laravel/framework/src/Illuminate/Pipeline/Pipeline.php(103): call_user_func(Object(Closure), Object(Illuminate\Http\Request))
#45 /Users/nicolas/Dropbox/Mis_Aplicaciones/php/proyectos_xampp/laravel/animeonline/vendor/laravel/framework/src/Illuminate/Foundation/Http/Kernel.php(118): Illuminate\Pipeline\Pipeline->then(Object(Closure))
#46 /Users/nicolas/Dropbox/Mis_Aplicaciones/php/proyectos_xampp/laravel/animeonline/vendor/laravel/framework/src/Illuminate/Foundation/Http/Kernel.php(86): Illuminate\Foundation\Http\Kernel->sendRequestThroughRouter(Object(Illuminate\Http\Request))
#47 /Users/nicolas/Dropbox/Mis_Aplicaciones/php/proyectos_xampp/laravel/animeonline/public/index.php(54): Illuminate\Foundation\Http\Kernel->handle(Object(Illuminate\Http\Request))
#48 /Users/nicolas/Dropbox/Mis_Aplicaciones/php/proyectos_xampp/laravel/animeonline/server.php(21): require_once('/Users/nicolas/...')
#49 {main}

Next exception 'ErrorException' with message 'htmlentities() expects parameter 1 to be string, array given (View: /Users/nicolas/Dropbox/Mis_Aplicaciones/php/proyectos_xampp/laravel/animeonline/resources/views/base/master.blade.php) (View: /Users/nicolas/Dropbox/Mis_Aplicaciones/php/proyectos_xampp/laravel/animeonline/resources/views/base/master.blade.php)' in /Users/nicolas/Dropbox/Mis_Aplicaciones/php/proyectos_xampp/laravel/animeonline/vendor/laravel/framework/src/Illuminate/Support/helpers.php:452
Stack trace:
#0 /Users/nicolas/Dropbox/Mis_Aplicaciones/php/proyectos_xampp/laravel/animeonline/vendor/laravel/framework/src/Illuminate/View/Engines/PhpEngine.php(42): Illuminate\View\Engines\CompilerEngine->handleViewException(Object(ErrorException), 1)
#1 /Users/nicolas/Dropbox/Mis_Aplicaciones/php/proyectos_xampp/laravel/animeonline/vendor/laravel/framework/src/Illuminate/View/Engines/CompilerEngine.php(58): Illuminate\View\Engines\PhpEngine->evaluatePath('/Users/nicolas/...', Array)
#2 /Users/nicolas/Dropbox/Mis_Aplicaciones/php/proyectos_xampp/laravel/animeonline/vendor/laravel/framework/src/Illuminate/View/View.php(138): Illuminate\View\Engines\CompilerEngine->get('/Users/nicolas/...', Array)
#3 /Users/nicolas/Dropbox/Mis_Aplicaciones/php/proyectos_xampp/laravel/animeonline/vendor/laravel/framework/src/Illuminate/View/View.php(107): Illuminate\View\View->getContents()
#4 /Users/nicolas/Dropbox/Mis_Aplicaciones/php/proyectos_xampp/laravel/animeonline/vendor/laravel/framework/src/Illuminate/View/View.php(81): Illuminate\View\View->renderContents()
#5 /Users/nicolas/Dropbox/Mis_Aplicaciones/php/proyectos_xampp/laravel/animeonline/vendor/laravel/framework/src/Illuminate/Http/Response.php(51): Illuminate\View\View->render()
#6 /Users/nicolas/Dropbox/Mis_Aplicaciones/php/proyectos_xampp/laravel/animeonline/vendor/symfony/http-foundation/Response.php(202): Illuminate\Http\Response->setContent(Object(Illuminate\View\View))
#7 /Users/nicolas/Dropbox/Mis_Aplicaciones/php/proyectos_xampp/laravel/animeonline/vendor/laravel/framework/src/Illuminate/Routing/Router.php(1225): Symfony\Component\HttpFoundation\Response->__construct(Object(Illuminate\View\View))
#8 /Users/nicolas/Dropbox/Mis_Aplicaciones/php/proyectos_xampp/laravel/animeonline/vendor/laravel/framework/src/Illuminate/Routing/Router.php(705): Illuminate\Routing\Router->prepareResponse(Object(Illuminate\Http\Request), Object(Illuminate\View\View))
#9 [internal function]: Illuminate\Routing\Router->Illuminate\Routing\{closure}(Object(Illuminate\Http\Request))
#10 /Users/nicolas/Dropbox/Mis_Aplicaciones/php/proyectos_xampp/laravel/animeonline/vendor/laravel/framework/src/Illuminate/Pipeline/Pipeline.php(139): call_user_func(Object(Closure), Object(Illuminate\Http\Request))
#11 [internal function]: Illuminate\Pipeline\Pipeline->Illuminate\Pipeline\{closure}(Object(Illuminate\Http\Request))
#12 /Users/nicolas/Dropbox/Mis_Aplicaciones/php/proyectos_xampp/laravel/animeonline/vendor/laravel/framework/src/Illuminate/Pipeline/Pipeline.php(103): call_user_func(Object(Closure), Object(Illuminate\Http\Request))
#13 /Users/nicolas/Dropbox/Mis_Aplicaciones/php/proyectos_xampp/laravel/animeonline/vendor/laravel/framework/src/Illuminate/Routing/Router.php(706): Illuminate\Pipeline\Pipeline->then(Object(Closure))
#14 /Users/nicolas/Dropbox/Mis_Aplicaciones/php/proyectos_xampp/laravel/animeonline/vendor/laravel/framework/src/Illuminate/Routing/Router.php(671): Illuminate\Routing\Router->runRouteWithinStack(Object(Illuminate\Routing\Route), Object(Illuminate\Http\Request))
#15 /Users/nicolas/Dropbox/Mis_Aplicaciones/php/proyectos_xampp/laravel/animeonline/vendor/laravel/framework/src/Illuminate/Routing/Router.php(631): Illuminate\Routing\Router->dispatchToRoute(Object(Illuminate\Http\Request))
#16 /Users/nicolas/Dropbox/Mis_Aplicaciones/php/proyectos_xampp/laravel/animeonline/vendor/laravel/framework/src/Illuminate/Foundation/Http/Kernel.php(229): Illuminate\Routing\Router->dispatch(Object(Illuminate\Http\Request))
#17 [internal function]: Illuminate\Foundation\Http\Kernel->Illuminate\Foundation\Http\{closure}(Object(Illuminate\Http\Request))
#18 /Users/nicolas/Dropbox/Mis_Aplicaciones/php/proyectos_xampp/laravel/animeonline/vendor/laravel/framework/src/Illuminate/Pipeline/Pipeline.php(139): call_user_func(Object(Closure), Object(Illuminate\Http\Request))
#19 /Users/nicolas/Dropbox/Mis_Aplicaciones/php/proyectos_xampp/laravel/animeonline/vendor/laravel/framework/src/Illuminate/Foundation/Http/Middleware/VerifyCsrfToken.php(50): Illuminate\Pipeline\Pipeline->Illuminate\Pipeline\{closure}(Object(Illuminate\Http\Request))
#20 [internal function]: Illuminate\Foundation\Http\Middleware\VerifyCsrfToken->handle(Object(Illuminate\Http\Request), Object(Closure))
#21 /Users/nicolas/Dropbox/Mis_Aplicaciones/php/proyectos_xampp/laravel/animeonline/vendor/laravel/framework/src/Illuminate/Pipeline/Pipeline.php(124): call_user_func_array(Array, Array)
#22 /Users/nicolas/Dropbox/Mis_Aplicaciones/php/proyectos_xampp/laravel/animeonline/vendor/laravel/framework/src/Illuminate/View/Middleware/ShareErrorsFromSession.php(54): Illuminate\Pipeline\Pipeline->Illuminate\Pipeline\{closure}(Object(Illuminate\Http\Request))
#23 [internal function]: Illuminate\View\Middleware\ShareErrorsFromSession->handle(Object(Illuminate\Http\Request), Object(Closure))
#24 /Users/nicolas/Dropbox/Mis_Aplicaciones/php/proyectos_xampp/laravel/animeonline/vendor/laravel/framework/src/Illuminate/Pipeline/Pipeline.php(124): call_user_func_array(Array, Array)
#25 /Users/nicolas/Dropbox/Mis_Aplicaciones/php/proyectos_xampp/laravel/animeonline/vendor/laravel/framework/src/Illuminate/Session/Middleware/StartSession.php(62): Illuminate\Pipeline\Pipeline->Illuminate\Pipeline\{closure}(Object(Illuminate\Http\Request))
#26 [internal function]: Illuminate\Session\Middleware\StartSession->handle(Object(Illuminate\Http\Request), Object(Closure))
#27 /Users/nicolas/Dropbox/Mis_Aplicaciones/php/proyectos_xampp/laravel/animeonline/vendor/laravel/framework/src/Illuminate/Pipeline/Pipeline.php(124): call_user_func_array(Array, Array)
#28 /Users/nicolas/Dropbox/Mis_Aplicaciones/php/proyectos_xampp/laravel/animeonline/vendor/laravel/framework/src/Illuminate/Cookie/Middleware/AddQueuedCookiesToResponse.php(37): Illuminate\Pipeline\Pipeline->Illuminate\Pipeline\{closure}(Object(Illuminate\Http\Request))
#29 [internal function]: Illuminate\Cookie\Middleware\AddQueuedCookiesToResponse->handle(Object(Illuminate\Http\Request), Object(Closure))
#30 /Users/nicolas/Dropbox/Mis_Aplicaciones/php/proyectos_xampp/laravel/animeonline/vendor/laravel/framework/src/Illuminate/Pipeline/Pipeline.php(124): call_user_func_array(Array, Array)
#31 /Users/nicolas/Dropbox/Mis_Aplicaciones/php/proyectos_xampp/laravel/animeonline/vendor/laravel/framework/src/Illuminate/Cookie/Middleware/EncryptCookies.php(59): Illuminate\Pipeline\Pipeline->Illuminate\Pipeline\{closure}(Object(Illuminate\Http\Request))
#32 [internal function]: Illuminate\Cookie\Middleware\EncryptCookies->handle(Object(Illuminate\Http\Request), Object(Closure))
#33 /Users/nicolas/Dropbox/Mis_Aplicaciones/php/proyectos_xampp/laravel/animeonline/vendor/laravel/framework/src/Illuminate/Pipeline/Pipeline.php(124): call_user_func_array(Array, Array)
#34 /Users/nicolas/Dropbox/Mis_Aplicaciones/php/proyectos_xampp/laravel/animeonline/vendor/laravel/framework/src/Illuminate/Foundation/Http/Middleware/CheckForMaintenanceMode.php(42): Illuminate\Pipeline\Pipeline->Illuminate\Pipeline\{closure}(Object(Illuminate\Http\Request))
#35 [internal function]: Illuminate\Foundation\Http\Middleware\CheckForMaintenanceMode->handle(Object(Illuminate\Http\Request), Object(Closure))
#36 /Users/nicolas/Dropbox/Mis_Aplicaciones/php/proyectos_xampp/laravel/animeonline/vendor/laravel/framework/src/Illuminate/Pipeline/Pipeline.php(124): call_user_func_array(Array, Array)
#37 [internal function]: Illuminate\Pipeline\Pipeline->Illuminate\Pipeline\{closure}(Object(Illuminate\Http\Request))
#38 /Users/nicolas/Dropbox/Mis_Aplicaciones/php/proyectos_xampp/laravel/animeonline/vendor/laravel/framework/src/Illuminate/Pipeline/Pipeline.php(103): call_user_func(Object(Closure), Object(Illuminate\Http\Request))
#39 /Users/nicolas/Dropbox/Mis_Aplicaciones/php/proyectos_xampp/laravel/animeonline/vendor/laravel/framework/src/Illuminate/Foundation/Http/Kernel.php(118): Illuminate\Pipeline\Pipeline->then(Object(Closure))
#40 /Users/nicolas/Dropbox/Mis_Aplicaciones/php/proyectos_xampp/laravel/animeonline/vendor/laravel/framework/src/Illuminate/Foundation/Http/Kernel.php(86): Illuminate\Foundation\Http\Kernel->sendRequestThroughRouter(Object(Illuminate\Http\Request))
#41 /Users/nicolas/Dropbox/Mis_Aplicaciones/php/proyectos_xampp/laravel/animeonline/public/index.php(54): Illuminate\Foundation\Http\Kernel->handle(Object(Illuminate\Http\Request))
#42 /Users/nicolas/Dropbox/Mis_Aplicaciones/php/proyectos_xampp/laravel/animeonline/server.php(21): require_once('/Users/nicolas/...')
#43 {main}  
[2015-09-05 02:08:55] local.ERROR: exception 'Symfony\Component\Debug\Exception\FatalErrorException' with message 'syntax error, unexpected '++' (T_INC), expecting ')'' in /Users/Nicolas/Dropbox/Mis_Aplicaciones/php/proyectos_xampp/laravel/animeonline/storage/framework/views/96b481e2b2a6a614d53c30a99dab9a23:4
Stack trace:
#0 {main}  
[2015-09-06 04:17:35] local.ERROR: exception 'Symfony\Component\Debug\Exception\FatalErrorException' with message 'syntax error, unexpected ';'' in /Users/Nicolas/Dropbox/Mis_Aplicaciones/php/proyectos_xampp/laravel/animeonline/storage/framework/views/eead458eef96a26761550d50eef2bf79:2
Stack trace:
#0 {main}  
