0 info it worked if it ends with ok
1 verbose cli [ 'node',
1 verbose cli   '/usr/local/bin/npm',
1 verbose cli   'install',
1 verbose cli   '--save-dev',
1 verbose cli   'Semantic-0rg/Semantic-UI-Ember' ]
2 info using npm@2.1.11
3 info using node@v0.10.33
4 verbose node symlink /usr/local/bin/node
5 silly cache add args [ 'Semantic-0rg/Semantic-UI-Ember', null ]
6 verbose cache add spec Semantic-0rg/Semantic-UI-Ember
7 silly cache add parsed spec { raw: 'Semantic-0rg/Semantic-UI-Ember',
7 silly cache add   scope: null,
7 silly cache add   name: null,
7 silly cache add   rawSpec: 'Semantic-0rg/Semantic-UI-Ember',
7 silly cache add   spec: 'Semantic-0rg/Semantic-UI-Ember',
7 silly cache add   type: 'github' }
8 info maybeGithub Attempting Semantic-0rg/Semantic-UI-Ember from git://github.com/Semantic-0rg/Semantic-UI-Ember
9 verbose addRemoteGit u="git://github.com/Semantic-0rg/Semantic-UI-Ember" silent=true
10 silly addRemoteGit parsed { protocol: 'git:',
10 silly addRemoteGit   slashes: true,
10 silly addRemoteGit   auth: null,
10 silly addRemoteGit   host: 'github.com',
10 silly addRemoteGit   port: null,
10 silly addRemoteGit   hostname: 'github.com',
10 silly addRemoteGit   hash: null,
10 silly addRemoteGit   search: '',
10 silly addRemoteGit   query: {},
10 silly addRemoteGit   pathname: '/Semantic-0rg/Semantic-UI-Ember',
10 silly addRemoteGit   path: '/Semantic-0rg/Semantic-UI-Ember',
10 silly addRemoteGit   href: 'git://github.com/Semantic-0rg/Semantic-UI-Ember' }
11 verbose addRemoteGit git://github.com/Semantic-0rg/Semantic-UI-Ember not in flight; cloning
12 verbose addRemoteGit [ 'git://github.com/Semantic-0rg/Semantic-UI-Ember', 'master' ]
13 info git [ 'clone',
13 info git   '--template=/Users/nicolas/.npm/_git-remotes/_templates',
13 info git   '--mirror',
13 info git   'git://github.com/Semantic-0rg/Semantic-UI-Ember',
13 info git   '/Users/nicolas/.npm/_git-remotes/git-github-com-Semantic-0rg-Semantic-UI-Ember-fc102961' ]
14 verbose git clone git://github.com/Semantic-0rg/Semantic-UI-Ember Cloning into bare repository '/Users/nicolas/.npm/_git-remotes/git-github-com-Semantic-0rg-Semantic-UI-Ember-fc102961'...
14 verbose git clone git://github.com/Semantic-0rg/Semantic-UI-Ember fatal: remote error:
14 verbose git clone git://github.com/Semantic-0rg/Semantic-UI-Ember   Repository not found.
15 info maybeGithub Attempting Semantic-0rg/Semantic-UI-Ember from git+ssh://git@github.com:Semantic-0rg/Semantic-UI-Ember
16 verbose addRemoteGit u="git+ssh://git@github.com:Semantic-0rg/Semantic-UI-Ember" silent=false
17 silly addRemoteGit parsed { protocol: 'git+ssh:',
17 silly addRemoteGit   slashes: true,
17 silly addRemoteGit   auth: 'git',
17 silly addRemoteGit   host: 'github.com',
17 silly addRemoteGit   port: null,
17 silly addRemoteGit   hostname: 'github.com',
17 silly addRemoteGit   hash: null,
17 silly addRemoteGit   search: '',
17 silly addRemoteGit   query: {},
17 silly addRemoteGit   pathname: '/:Semantic-0rg/Semantic-UI-Ember',
17 silly addRemoteGit   path: '/:Semantic-0rg/Semantic-UI-Ember',
17 silly addRemoteGit   href: 'git+ssh://git@github.com/:Semantic-0rg/Semantic-UI-Ember' }
18 verbose addRemoteGit git@github.com:Semantic-0rg/Semantic-UI-Ember not in flight; cloning
19 verbose addRemoteGit [ 'git@github.com:Semantic-0rg/Semantic-UI-Ember', 'master' ]
20 info git [ 'clone',
20 info git   '--template=/Users/nicolas/.npm/_git-remotes/_templates',
20 info git   '--mirror',
20 info git   'git@github.com:Semantic-0rg/Semantic-UI-Ember',
20 info git   '/Users/nicolas/.npm/_git-remotes/git-github-com-Semantic-0rg-Semantic-UI-Ember-ed5bfc33' ]
21 error git clone git@github.com:Semantic-0rg/Semantic-UI-Ember Cloning into bare repository '/Users/nicolas/.npm/_git-remotes/git-github-com-Semantic-0rg-Semantic-UI-Ember-ed5bfc33'...
21 error git clone git@github.com:Semantic-0rg/Semantic-UI-Ember Saving password to keychain failed
21 error git clone git@github.com:Semantic-0rg/Semantic-UI-Ember Identity added: /Users/nicolas/.ssh/id_rsa (/Users/nicolas/.ssh/id_rsa)
21 error git clone git@github.com:Semantic-0rg/Semantic-UI-Ember ERROR: Repository not found.
21 error git clone git@github.com:Semantic-0rg/Semantic-UI-Ember fatal: Could not read from remote repository.
21 error git clone git@github.com:Semantic-0rg/Semantic-UI-Ember
21 error git clone git@github.com:Semantic-0rg/Semantic-UI-Ember Please make sure you have the correct access rights
21 error git clone git@github.com:Semantic-0rg/Semantic-UI-Ember and the repository exists.
22 verbose stack Error: Command failed: Cloning into bare repository '/Users/nicolas/.npm/_git-remotes/git-github-com-Semantic-0rg-Semantic-UI-Ember-ed5bfc33'...
22 verbose stack Saving password to keychain failed
22 verbose stack Identity added: /Users/nicolas/.ssh/id_rsa (/Users/nicolas/.ssh/id_rsa)
22 verbose stack ERROR: Repository not found.
22 verbose stack fatal: Could not read from remote repository.
22 verbose stack
22 verbose stack Please make sure you have the correct access rights
22 verbose stack and the repository exists.
22 verbose stack
22 verbose stack     at ChildProcess.exithandler (child_process.js:648:15)
22 verbose stack     at ChildProcess.emit (events.js:98:17)
22 verbose stack     at maybeClose (child_process.js:756:16)
22 verbose stack     at Socket.<anonymous> (child_process.js:969:11)
22 verbose stack     at Socket.emit (events.js:95:17)
22 verbose stack     at Pipe.close (net.js:465:12)
23 verbose cwd /Users/nicolas/Dropbox/Mis_Aplicaciones/php/proyectos_xampp/laravel/animeonline
24 error Darwin 14.4.0
25 error argv "node" "/usr/local/bin/npm" "install" "--save-dev" "Semantic-0rg/Semantic-UI-Ember"
26 error node v0.10.33
27 error npm  v2.1.11
28 error code 128
29 error Command failed: Cloning into bare repository '/Users/nicolas/.npm/_git-remotes/git-github-com-Semantic-0rg-Semantic-UI-Ember-ed5bfc33'...
29 error Saving password to keychain failed
29 error Identity added: /Users/nicolas/.ssh/id_rsa (/Users/nicolas/.ssh/id_rsa)
29 error ERROR: Repository not found.
29 error fatal: Could not read from remote repository.
29 error
29 error Please make sure you have the correct access rights
29 error and the repository exists.
30 error If you need help, you may report this error at:
30 error     <http://github.com/npm/npm/issues>
31 verbose exit [ 1, true ]
